{"timestamp":"2026-04-19T08:40:04.554Z","method":"POST","endpoint":"/api/v1/auth/login","statusCode":500,"responseTimeMs":3144.85,"ip":"::1","userAgent":"PostmanRuntime/7.53.0"}
{"timestamp":"2026-04-19T08:40:48.686Z","method":"GET","endpoint":"/api/v1/idea","statusCode":304,"responseTimeMs":5129.61,"ip":"::1","userAgent":"Mozilla/5.0 (Windows NT 10.0; Win64; x64) AppleWebKit/537.36 (KHTML, like Gecko) Chrome/147.0.0.0 Safari/537.36"}
{"timestamp":"2026-05-03T04:38:27.961Z","method":"POST","endpoint":"/api/v1/auth/register","statusCode":503,"responseTimeMs":6036.18,"ip":"::1","userAgent":"axios/1.13.6"}
{"timestamp":"2026-05-03T04:48:51.093Z","method":"POST","endpoint":"/api/v1/auth/register","statusCode":201,"responseTimeMs":11451.48,"ip":"::1","userAgent":"axios/1.13.6"}
{"timestamp":"2026-05-03T10:22:05.245Z","method":"POST","endpoint":"/api/v1/auth/register","statusCode":201,"responseTimeMs":9607.38,"ip":"::1","userAgent":"PostmanRuntime/7.53.0"}
{"timestamp":"2026-05-03T10:23:20.998Z","method":"POST","endpoint":"/api/v1/auth/register","statusCode":201,"responseTimeMs":8929.01,"ip":"::1","userAgent":"PostmanRuntime/7.53.0"}
{"timestamp":"2026-05-03T10:25:04.270Z","method":"POST","endpoint":"/api/v1/auth/register","statusCode":201,"responseTimeMs":9189.23,"ip":"::1","userAgent":"PostmanRuntime/7.53.0"}
{"timestamp":"2026-05-03T10:27:17.708Z","method":"POST","endpoint":"/api/v1/auth/register","statusCode":400,"responseTimeMs":11486.48,"ip":"::1","userAgent":"PostmanRuntime/7.53.0"}
{"timestamp":"2026-05-03T10:28:58.071Z","method":"POST","endpoint":"/api/v1/auth/register","statusCode":400,"responseTimeMs":11696.94,"ip":"::1","userAgent":"PostmanRuntime/7.53.0"}
{"timestamp":"2026-05-03T10:30:36.457Z","method":"POST","endpoint":"/api/v1/auth/register","statusCode":400,"responseTimeMs":5467.48,"ip":"::1","userAgent":"PostmanRuntime/7.53.0"}
{"timestamp":"2026-05-03T10:33:11.100Z","method":"POST","endpoint":"/api/v1/auth/register","statusCode":201,"responseTimeMs":11105.21,"ip":"::1","userAgent":"PostmanRuntime/7.53.0"}
{"timestamp":"2026-05-03T10:36:59.461Z","method":"POST","endpoint":"/api/v1/idea/category","statusCode":500,"responseTimeMs":218.4,"ip":"::1","userAgent":"PostmanRuntime/7.53.0"}
{"timestamp":"2026-05-03T10:37:39.757Z","method":"POST","endpoint":"/api/v1/auth/login","statusCode":200,"responseTimeMs":4502.27,"ip":"::1","userAgent":"PostmanRuntime/7.53.0"}
{"timestamp":"2026-05-03T10:38:19.183Z","method":"POST","endpoint":"/api/v1/idea/category","statusCode":201,"responseTimeMs":3453.21,"ip":"::1","userAgent":"PostmanRuntime/7.53.0"}
{"timestamp":"2026-05-03T10:38:44.911Z","method":"POST","endpoint":"/api/v1/idea/category","statusCode":201,"responseTimeMs":3322.75,"ip":"::1","userAgent":"PostmanRuntime/7.53.0"}
{"timestamp":"2026-05-03T10:38:55.576Z","method":"POST","endpoint":"/api/v1/idea/category","statusCode":201,"responseTimeMs":1093.8,"ip":"::1","userAgent":"PostmanRuntime/7.53.0"}
{"timestamp":"2026-05-03T10:40:34.572Z","method":"GET","endpoint":"/api/v1/idea/category","statusCode":200,"responseTimeMs":2453.51,"ip":"::1","userAgent":"PostmanRuntime/7.53.0"}
{"timestamp":"2026-05-03T10:41:55.588Z","method":"POST","endpoint":"/api/v1/idea","statusCode":201,"responseTimeMs":4795.51,"ip":"::1","userAgent":"PostmanRuntime/7.53.0"}
{"timestamp":"2026-05-03T10:42:17.271Z","method":"POST","endpoint":"/api/v1/idea","statusCode":201,"responseTimeMs":4679.96,"ip":"::1","userAgent":"PostmanRuntime/7.53.0"}
{"timestamp":"2026-05-03T10:42:25.798Z","method":"POST","endpoint":"/api/v1/idea","statusCode":201,"responseTimeMs":2462.86,"ip":"::1","userAgent":"PostmanRuntime/7.53.0"}
{"timestamp":"2026-05-03T10:44:23.491Z","method":"POST","endpoint":"/api/v1/rag/ingest-ideas","statusCode":400,"responseTimeMs":7635.31,"ip":"::1","userAgent":"PostmanRuntime/7.53.0"}
{"timestamp":"2026-05-03T10:52:02.826Z","method":"POST","endpoint":"/api/v1/rag/ingest-ideas","statusCode":200,"responseTimeMs":9670.64,"ip":"::1","userAgent":"PostmanRuntime/7.53.0"}
{"timestamp":"2026-05-03T11:58:42.580Z","method":"GET","endpoint":"/api/v1/rag/query","statusCode":404,"responseTimeMs":211.39,"ip":"::1","userAgent":"PostmanRuntime/7.53.0"}
{"timestamp":"2026-05-03T12:00:03.903Z","method":"POST","endpoint":"/api/v1/rag/query","statusCode":404,"responseTimeMs":81.44,"ip":"::1","userAgent":"PostmanRuntime/7.53.0"}
{"timestamp":"2026-05-03T12:02:08.793Z","method":"POST","endpoint":"/api/v1/rag/query","statusCode":404,"responseTimeMs":4.73,"ip":"::1","userAgent":"PostmanRuntime/7.53.0"}
{"timestamp":"2026-05-03T12:02:51.645Z","method":"POST","endpoint":"/api/v1/rag/query","statusCode":404,"responseTimeMs":538.7,"ip":"::1","userAgent":"PostmanRuntime/7.53.0"}
{"timestamp":"2026-05-03T12:03:24.274Z","method":"POST","endpoint":"/api/v1/rag/query","statusCode":404,"responseTimeMs":5.99,"ip":"::1","userAgent":"PostmanRuntime/7.53.0"}
{"timestamp":"2026-05-03T12:03:44.669Z","method":"POST","endpoint":"/api/v1/rag/query","statusCode":404,"responseTimeMs":6.37,"ip":"::1","userAgent":"PostmanRuntime/7.53.0"}
{"timestamp":"2026-05-03T12:04:29.819Z","method":"POST","endpoint":"/api/v1/rag/query","statusCode":404,"responseTimeMs":6.86,"ip":"::1","userAgent":"PostmanRuntime/7.53.0"}
{"timestamp":"2026-05-03T12:06:06.841Z","method":"POST","endpoint":"/api/v1/rag/query","statusCode":200,"responseTimeMs":38876.69,"ip":"::1","userAgent":"PostmanRuntime/7.53.0"}
{"timestamp":"2026-05-03T12:06:33.901Z","method":"POST","endpoint":"/api/v1/rag/query","statusCode":200,"responseTimeMs":10926.8,"ip":"::1","userAgent":"PostmanRuntime/7.53.0"}
{"timestamp":"2026-05-03T12:07:21.780Z","method":"POST","endpoint":"/api/v1/rag/query","statusCode":200,"responseTimeMs":15288.58,"ip":"::1","userAgent":"PostmanRuntime/7.53.0"}
